[debug] [2023-12-29T14:10:30.857Z] ----------------------------------------------------------------------
[debug] [2023-12-29T14:10:30.865Z] Command:       C:\Program Files\nodejs\node.exe C:\Users\Admin\AppData\Roaming\npm\node_modules\firebase-tools\lib\bin\firebase.js init
[debug] [2023-12-29T14:10:30.867Z] CLI Version:   13.0.2
[debug] [2023-12-29T14:10:30.871Z] Platform:      win32
[debug] [2023-12-29T14:10:30.872Z] Node Version:  v18.17.1
[debug] [2023-12-29T14:10:30.889Z] Time:          Fri Dec 29 2023 19:40:30 GMT+0530 (India Standard Time)
[debug] [2023-12-29T14:10:30.890Z] ----------------------------------------------------------------------
[debug] 
[debug] [2023-12-29T14:10:30.925Z] > command requires scopes: ["email","openid","https://www.googleapis.com/auth/cloudplatformprojects.readonly","https://www.googleapis.com/auth/firebase","https://www.googleapis.com/auth/cloud-platform"]
[debug] [2023-12-29T14:10:30.926Z] > authorizing via signed-in user (shreyashparab786@gmail.com)
[info] 
     ######## #### ########  ######## ########     ###     ######  ########
     ##        ##  ##     ## ##       ##     ##  ##   ##  ##       ##
     ######    ##  ########  ######   ########  #########  ######  ######
     ##        ##  ##    ##  ##       ##     ## ##     ##       ## ##
     ##       #### ##     ## ######## ########  ##     ##  ######  ########

You're about to initialize a Firebase project in this directory:

  C:\Nipun

Before we get started, keep in mind:

  * You are currently outside your home directory

[info] 
=== Project Setup
[info] 
[info] First, let's associate this project directory with a Firebase project.
[info] You can create multiple project aliases by running firebase use --add, 
[info] but for now we'll just set up a default project.
[info] 
[debug] [2023-12-29T14:11:28.844Z] >>> [apiv2][query] GET https://firebase.googleapis.com/v1beta1/projects pageSize=100
[debug] [2023-12-29T14:11:29.949Z] <<< [apiv2][status] GET https://firebase.googleapis.com/v1beta1/projects 200
[debug] [2023-12-29T14:11:29.951Z] <<< [apiv2][body] GET https://firebase.googleapis.com/v1beta1/projects [omitted]
